2025-11-20------- V8 API Script Executed ------
2025-11-20-Access token received
2025-11-20-Lead: Kristy Morning
2025-11-20-Lead: Salvatore Dasilva
2025-11-20-Lead: Tessa Lemay
2025-11-20-Lead: Asa Esteves
2025-11-20-Lead: Amos Rainey
2025-11-20-Lead: Sidney Gagliano
2025-11-20-Lead: Whitney Cadena
2025-11-20-Lead: Mollie Logue
2025-11-20-Lead: Hans Criddle
2025-11-20-Lead: Deanna Pringle
2025-11-20------- V8 API Execution completed ------
2025-11-21------- V8 API Script Executed ------
2025-11-21-Access token received
2025-11-21-Lead: Kristy Morning
2025-11-21-Lead: Salvatore Dasilva
2025-11-21-Lead: Tessa Lemay
2025-11-21-Lead: Asa Esteves
2025-11-21-Lead: Amos Rainey
2025-11-21-Lead: Sidney Gagliano
2025-11-21-Lead: Whitney Cadena
2025-11-21-Lead: Mollie Logue
2025-11-21-Lead: Hans Criddle
2025-11-21-Lead: Deanna Pringle
2025-11-21------- V8 API Execution completed ------
2025-11-21------- V8 API Script Executed ------
2025-11-21-Access token received
2025-11-21-Lead: Kristy Morning
2025-11-21-Lead: Salvatore Dasilva
2025-11-21-Lead: Tessa Lemay
2025-11-21-Lead: Asa Esteves
2025-11-21-Lead: Amos Rainey
2025-11-21-Lead: Sidney Gagliano
2025-11-21-Lead: Whitney Cadena
2025-11-21-Lead: Mollie Logue
2025-11-21-Lead: Hans Criddle
2025-11-21-Lead: Deanna Pringle
2025-11-21------- V8 API Execution completed ------
2025-11-21------- V8 API Script Executed ------
2025-11-21-Access token received
2025-11-21-Lead: Kristy Morning
2025-11-21-Lead: Salvatore Dasilva
2025-11-21-Lead: Tessa Lemay
2025-11-21-Lead: Asa Esteves
2025-11-21-Lead: Amos Rainey
2025-11-21-Lead: Sidney Gagliano
2025-11-21-Lead: Whitney Cadena
2025-11-21-Lead: Mollie Logue
2025-11-21-Lead: Hans Criddle
2025-11-21-Lead: Deanna Pringle
2025-11-21------- V8 API Execution completed ------
2025-11-21------- V8 API Script Executed ------
2025-11-21-Access token received
2025-11-21-Lead: Kristy Morning
2025-11-21-Lead: Salvatore Dasilva
2025-11-21-Lead: Tessa Lemay
2025-11-21-Lead: Asa Esteves
2025-11-21-Lead: Amos Rainey
2025-11-21-Lead: Sidney Gagliano
2025-11-21-Lead: Whitney Cadena
2025-11-21-Lead: Mollie Logue
2025-11-21-Lead: Hans Criddle
2025-11-21-Lead: Deanna Pringle
2025-11-21------- V8 API Execution completed ------
2025-11-21------- V8 API Script Executed ------
2025-11-21-Access token received
2025-11-21-Lead: Kristy Morning
2025-11-21-Lead: Salvatore Dasilva
2025-11-21-Lead: Tessa Lemay
2025-11-21-Lead: Asa Esteves
2025-11-21-Lead: Amos Rainey
2025-11-21-Lead: Sidney Gagliano
2025-11-21-Lead: Whitney Cadena
2025-11-21-Lead: Mollie Logue
2025-11-21-Lead: Hans Criddle
2025-11-21-Lead: Deanna Pringle
2025-11-21------- V8 API Execution completed ------
2025-11-21------- V8 API Script Executed ------
2025-11-21-Access token received
2025-11-21-Lead: Kristy Morning
2025-11-21-Lead: Salvatore Dasilva
2025-11-21-Lead: Tessa Lemay
2025-11-21-Lead: Asa Esteves
2025-11-21-Lead: Amos Rainey
2025-11-21-Lead: Sidney Gagliano
2025-11-21-Lead: Whitney Cadena
2025-11-21-Lead: Mollie Logue
2025-11-21-Lead: Hans Criddle
2025-11-21-Lead: Deanna Pringle
2025-11-21------- V8 API Execution completed ------
2025-11-21------- V8 API Script Executed ------
2025-11-21-Access token received
2025-11-21-Lead: Kristy Morning
2025-11-21-Lead: Salvatore Dasilva
2025-11-21-Lead: Tessa Lemay
2025-11-21-Lead: Asa Esteves
2025-11-21-Lead: Amos Rainey
2025-11-21-Lead: Sidney Gagliano
2025-11-21-Lead: Whitney Cadena
2025-11-21-Lead: Mollie Logue
2025-11-21-Lead: Hans Criddle
2025-11-21-Lead: Deanna Pringle
2025-11-21------- V8 API Execution completed ------
2025-11-21------- V8 API Script Executed ------
2025-11-21-Access token received
2025-11-21-Lead: Kristy Morning
2025-11-21-Lead: Salvatore Dasilva
2025-11-21-Lead: Tessa Lemay
2025-11-21-Lead: Asa Esteves
2025-11-21-Lead: Amos Rainey
2025-11-21-Lead: Sidney Gagliano
2025-11-21-Lead: Whitney Cadena
2025-11-21-Lead: Mollie Logue
2025-11-21-Lead: Hans Criddle
2025-11-21-Lead: Deanna Pringle
2025-11-21------- V8 API Execution completed ------
2025-11-21------- V8 API Script Executed ------
2025-11-21-Access token received
2025-11-21-Lead: Kristy Morning
2025-11-21-Lead: Salvatore Dasilva
2025-11-21-Lead: Tessa Lemay
2025-11-21-Lead: Asa Esteves
2025-11-21-Lead: Amos Rainey
2025-11-21-Lead: Sidney Gagliano
2025-11-21-Lead: Whitney Cadena
2025-11-21-Lead: Mollie Logue
2025-11-21-Lead: Hans Criddle
2025-11-21-Lead: Deanna Pringle
2025-11-21------- V8 API Execution completed ------
2025-11-21------- V8 API Script Executed ------
2025-11-21-Access token received
2025-11-21-Lead: Kristy Morning
2025-11-21-Lead: Salvatore Dasilva
2025-11-21-Lead: Tessa Lemay
2025-11-21-Lead: Asa Esteves
2025-11-21-Lead: Amos Rainey
2025-11-21-Lead: Sidney Gagliano
2025-11-21-Lead: Whitney Cadena
2025-11-21-Lead: Mollie Logue
2025-11-21-Lead: Hans Criddle
2025-11-21-Lead: Deanna Pringle
2025-11-21------- V8 API Execution completed ------
2025-11-21------- V8 API Script Executed ------
2025-11-21-Access token received
2025-11-21-Lead: Kristy Morning
2025-11-21-Lead: Salvatore Dasilva
2025-11-21-Lead: Tessa Lemay
2025-11-21-Lead: Asa Esteves
2025-11-21-Lead: Amos Rainey
2025-11-21-Lead: Sidney Gagliano
2025-11-21-Lead: Whitney Cadena
2025-11-21-Lead: Mollie Logue
2025-11-21-Lead: Hans Criddle
2025-11-21-Lead: Deanna Pringle
2025-11-21------- V8 API Execution completed ------
2025-11-21------- V8 API Script Executed ------
2025-11-21-Access token received
2025-11-21-Lead: Kristy Morning
2025-11-21-Lead: Salvatore Dasilva
2025-11-21-Lead: Tessa Lemay
2025-11-21-Lead: Asa Esteves
2025-11-21-Lead: Amos Rainey
2025-11-21-Lead: Sidney Gagliano
2025-11-21-Lead: Whitney Cadena
2025-11-21-Lead: Mollie Logue
2025-11-21-Lead: Hans Criddle
2025-11-21-Lead: Deanna Pringle
2025-11-21------- V8 API Execution completed ------
2025-11-21------- V8 API Script Executed ------
2025-11-21-Access token received
2025-11-21-Lead: Kristy Morning
2025-11-21-Lead: Salvatore Dasilva
2025-11-21-Lead: Tessa Lemay
2025-11-21-Lead: Asa Esteves
2025-11-21-Lead: Amos Rainey
2025-11-21-Lead: Sidney Gagliano
2025-11-21-Lead: Whitney Cadena
2025-11-21-Lead: Mollie Logue
2025-11-21-Lead: Hans Criddle
2025-11-21-Lead: Deanna Pringle
2025-11-21------- V8 API Execution completed ------
2025-11-21------- V8 API Script Executed ------
2025-11-21-Access token received
2025-11-21-Lead: Kristy Morning
2025-11-21-Lead: Salvatore Dasilva
2025-11-21-Lead: Tessa Lemay
2025-11-21-Lead: Asa Esteves
2025-11-21-Lead: Amos Rainey
2025-11-21-Lead: Sidney Gagliano
2025-11-21-Lead: Whitney Cadena
2025-11-21-Lead: Mollie Logue
2025-11-21-Lead: Hans Criddle
2025-11-21-Lead: Deanna Pringle
2025-11-21------- V8 API Execution completed ------
2025-11-21------- V8 API Script Executed ------
2025-11-21-Access token received
2025-11-21-Lead: Kristy Morning
2025-11-21-Lead: Salvatore Dasilva
2025-11-21-Lead: Tessa Lemay
2025-11-21-Lead: Asa Esteves
2025-11-21-Lead: Amos Rainey
2025-11-21-Lead: Sidney Gagliano
2025-11-21-Lead: Whitney Cadena
2025-11-21-Lead: Mollie Logue
2025-11-21-Lead: Hans Criddle
2025-11-21-Lead: Deanna Pringle
2025-11-21------- V8 API Execution completed ------
2025-11-21------- V8 API Script Executed ------
2025-11-21-Access token received
2025-11-21-Lead: Kristy Morning
2025-11-21-Lead: Salvatore Dasilva
2025-11-21-Lead: Tessa Lemay
2025-11-21-Lead: Asa Esteves
2025-11-21-Lead: Amos Rainey
2025-11-21-Lead: Sidney Gagliano
2025-11-21-Lead: Whitney Cadena
2025-11-21-Lead: Mollie Logue
2025-11-21-Lead: Hans Criddle
2025-11-21-Lead: Deanna Pringle
2025-11-21------- V8 API Execution completed ------
2025-11-21------- V8 API Script Executed ------
2025-11-21-Access token received
2025-11-21-Lead: Kristy Morning
2025-11-21-Lead: Salvatore Dasilva
2025-11-21-Lead: Tessa Lemay
2025-11-21-Lead: Asa Esteves
2025-11-21-Lead: Amos Rainey
2025-11-21-Lead: Sidney Gagliano
2025-11-21-Lead: Whitney Cadena
2025-11-21-Lead: Mollie Logue
2025-11-21-Lead: Hans Criddle
2025-11-21-Lead: Deanna Pringle
2025-11-21------- V8 API Execution completed ------
2025-11-21------- V8 API Script Executed ------
2025-11-21-Access token received
2025-11-21-Lead: Kristy Morning
2025-11-21-Lead: Salvatore Dasilva
2025-11-21-Lead: Tessa Lemay
2025-11-21-Lead: Asa Esteves
2025-11-21-Lead: Amos Rainey
2025-11-21-Lead: Sidney Gagliano
2025-11-21-Lead: Whitney Cadena
2025-11-21-Lead: Mollie Logue
2025-11-21-Lead: Hans Criddle
2025-11-21-Lead: Deanna Pringle
2025-11-21------- V8 API Execution completed ------
2025-11-21------- V8 API Script Executed ------
2025-11-21-Access token received
2025-11-21-Lead: Kristy Morning
2025-11-21-Lead: Salvatore Dasilva
2025-11-21-Lead: Tessa Lemay
2025-11-21-Lead: Asa Esteves
2025-11-21-Lead: Amos Rainey
2025-11-21-Lead: Sidney Gagliano
2025-11-21-Lead: Whitney Cadena
2025-11-21-Lead: Mollie Logue
2025-11-21-Lead: Hans Criddle
2025-11-21-Lead: Deanna Pringle
2025-11-21------- V8 API Execution completed ------
2025-11-21------- V8 API Script Executed ------
2025-11-21-Access token received
2025-11-21-Lead: Kristy Morning
2025-11-21-Lead: Salvatore Dasilva
2025-11-21-Lead: Tessa Lemay
2025-11-21-Lead: Asa Esteves
2025-11-21-Lead: Amos Rainey
2025-11-21-Lead: Sidney Gagliano
2025-11-21-Lead: Whitney Cadena
2025-11-21-Lead: Mollie Logue
2025-11-21-Lead: Hans Criddle
2025-11-21-Lead: Deanna Pringle
2025-11-21------- V8 API Execution completed ------
2025-11-21------- V8 API Script Executed ------
2025-11-21-Access token received
2025-11-21-Lead: Kristy Morning
2025-11-21-Lead: Salvatore Dasilva
2025-11-21-Lead: Tessa Lemay
2025-11-21-Lead: Asa Esteves
2025-11-21-Lead: Amos Rainey
2025-11-21-Lead: Sidney Gagliano
2025-11-21-Lead: Whitney Cadena
2025-11-21-Lead: Mollie Logue
2025-11-21-Lead: Hans Criddle
2025-11-21-Lead: Deanna Pringle
2025-11-21------- V8 API Execution completed ------
2025-11-21------- V8 API Script Executed ------
2025-11-21-Access token received
2025-11-21-Lead: Kristy Morning
2025-11-21-Lead: Salvatore Dasilva
2025-11-21-Lead: Tessa Lemay
2025-11-21-Lead: Asa Esteves
2025-11-21-Lead: Amos Rainey
2025-11-21-Lead: Sidney Gagliano
2025-11-21-Lead: Whitney Cadena
2025-11-21-Lead: Mollie Logue
2025-11-21-Lead: Hans Criddle
2025-11-21-Lead: Deanna Pringle
2025-11-21------- V8 API Execution completed ------
2025-11-21------- V8 API Script Executed ------
2025-11-21-Access token received
2025-11-21-Lead: Kristy Morning
2025-11-21-Lead: Salvatore Dasilva
2025-11-21-Lead: Tessa Lemay
2025-11-21-Lead: Asa Esteves
2025-11-21-Lead: Amos Rainey
2025-11-21-Lead: Sidney Gagliano
2025-11-21-Lead: Whitney Cadena
2025-11-21-Lead: Mollie Logue
2025-11-21-Lead: Hans Criddle
2025-11-21-Lead: Deanna Pringle
2025-11-21------- V8 API Execution completed ------
2025-11-21------- V8 API Script Executed ------
2025-11-21-Access token received
2025-11-21-Lead: Kristy Morning
2025-11-21-Lead: Salvatore Dasilva
2025-11-21-Lead: Tessa Lemay
2025-11-21-Lead: Asa Esteves
2025-11-21-Lead: Amos Rainey
2025-11-21-Lead: Sidney Gagliano
2025-11-21-Lead: Whitney Cadena
2025-11-21-Lead: Mollie Logue
2025-11-21-Lead: Hans Criddle
2025-11-21-Lead: Deanna Pringle
2025-11-21------- V8 API Execution completed ------
2025-11-21------- V8 API Script Executed ------
2025-11-21-Access token received
2025-11-21-Lead: Kristy Morning
2025-11-21-Lead: Salvatore Dasilva
2025-11-21-Lead: Tessa Lemay
2025-11-21-Lead: Asa Esteves
2025-11-21-Lead: Amos Rainey
2025-11-21-Lead: Sidney Gagliano
2025-11-21-Lead: Whitney Cadena
2025-11-21-Lead: Mollie Logue
2025-11-21-Lead: Hans Criddle
2025-11-21-Lead: Deanna Pringle
2025-11-21------- V8 API Execution completed ------
2025-11-21------- V8 API Script Executed ------
2025-11-21-Access token received
2025-11-21-Lead: Kristy Morning
2025-11-21-Lead: Salvatore Dasilva
2025-11-21-Lead: Tessa Lemay
2025-11-21-Lead: Asa Esteves
2025-11-21-Lead: Amos Rainey
2025-11-21-Lead: Sidney Gagliano
2025-11-21-Lead: Whitney Cadena
2025-11-21-Lead: Mollie Logue
2025-11-21-Lead: Hans Criddle
2025-11-21-Lead: Deanna Pringle
2025-11-21------- V8 API Execution completed ------
